<?xml version="1.0" encoding="utf-8"?><testsuites name="pytest tests"><testsuite name="pytest" errors="0" failures="0" skipped="0" tests="34" time="16.747" timestamp="2026-07-12T17:57:41.860261+00:00" hostname="agent-env-1101a2a8-b229-448a-af70-a6657c28fde5"><testcase classname="tests.test_health_auth" name="test_root_health" time="0.134" /><testcase classname="tests.test_health_auth" name="test_auth_me_without_token_returns_401" time="0.104" /><testcase classname="tests.test_health_auth" name="test_auth_me_with_invalid_token_returns_401" time="0.100" /><testcase classname="tests.test_health_auth" name="test_auth_me_with_valid_seeded_token_returns_user" time="0.133" /><testcase classname="tests.test_memories" name="test_memories_endpoints_require_auth[GET-/api/memories]" time="0.133" /><testcase classname="tests.test_memories" name="test_memories_endpoints_require_auth[GET-/api/memories/some-id]" time="0.111" /><testcase classname="tests.test_memories" name="test_memories_endpoints_require_auth[DELETE-/api/memories/some-id]" time="0.112" /><testcase classname="tests.test_memories" name="test_memories_endpoints_require_auth[POST-/api/memories/generate]" time="0.143" /><testcase classname="tests.test_memories" name="test_generate_empty_prompt_returns_400" time="0.095" /><testcase classname="tests.test_memories" name="test_generate_missing_photo_ids_returns_400" time="0.104" /><testcase classname="tests.test_memories" name="test_generate_with_no_matching_photos_returns_400" time="0.098" /><testcase classname="tests.test_memories" name="test_generate_memory_real_gemini_returns_image" time="7.884" /><testcase classname="tests.test_memories" name="test_list_memories_contains_generated" time="0.256" /><testcase classname="tests.test_memories" name="test_get_memory_by_id" time="0.179" /><testcase classname="tests.test_memories" name="test_get_memory_missing_returns_404" time="0.101" /><testcase classname="tests.test_memories" name="test_delete_memory_then_404" time="0.194" /><testcase classname="tests.test_memories" name="test_delete_memory_missing_returns_404" time="0.211" /><testcase classname="tests.test_otp_auth" name="test_request_otp_invalid_email_returns_422" time="0.048" /><testcase classname="tests.test_otp_auth" name="test_request_otp_success_stores_hashed_code" time="0.267" /><testcase classname="tests.test_otp_auth" name="test_request_otp_cooldown_returns_429" time="0.240" /><testcase classname="tests.test_otp_auth" name="test_verify_otp_wrong_code_400_and_increments_attempts" time="0.272" /><testcase classname="tests.test_otp_auth" name="test_verify_otp_lockout_after_5_wrong_attempts_returns_429" time="0.522" /><testcase classname="tests.test_otp_auth" name="test_verify_otp_expired_returns_400" time="0.253" /><testcase classname="tests.test_otp_auth" name="test_verify_otp_without_request_returns_400" time="0.048" /><testcase classname="tests.test_otp_auth" name="test_end_to_end_login_returns_session_token_and_consumes_otp" time="1.000" /><testcase classname="tests.test_otp_auth" name="test_photos_crud_with_otp_session" time="1.281" /><testcase classname="tests.test_otp_auth" name="test_memories_list_and_generation_validation_with_otp_session" time="0.428" /><testcase classname="tests.test_photos" name="test_create_photo_requires_auth" time="0.178" /><testcase classname="tests.test_photos" name="test_create_photo_success_and_strips_data_uri" time="0.319" /><testcase classname="tests.test_photos" name="test_list_photos_requires_auth" time="0.102" /><testcase classname="tests.test_photos" name="test_list_photos_returns_created_photo" time="0.596" /><testcase classname="tests.test_photos" name="test_delete_photo_requires_auth" time="0.097" /><testcase classname="tests.test_photos" name="test_delete_photo_missing_returns_404" time="0.123" /><testcase classname="tests.test_photos" name="test_delete_photo_success_then_gone" time="0.842" /></testsuite></testsuites>