<?xml version="1.0" encoding="utf-8"?><testsuites name="pytest tests"><testsuite name="pytest" errors="0" failures="0" skipped="3" tests="38" time="9.324" timestamp="2026-07-13T03:10:57.180824+00:00" hostname="agent-env-1101a2a8-b229-448a-af70-a6657c28fde5"><testcase classname="tests.test_health_auth" name="test_root_health" time="0.252" /><testcase classname="tests.test_health_auth" name="test_auth_me_without_token_returns_401" time="0.096" /><testcase classname="tests.test_health_auth" name="test_auth_me_with_invalid_token_returns_401" time="0.109" /><testcase classname="tests.test_health_auth" name="test_auth_me_with_valid_seeded_token_returns_user" time="0.109" /><testcase classname="tests.test_memories" name="test_memories_endpoints_require_auth[GET-/api/memories]" time="0.110" /><testcase classname="tests.test_memories" name="test_memories_endpoints_require_auth[GET-/api/memories/some-id]" time="0.103" /><testcase classname="tests.test_memories" name="test_memories_endpoints_require_auth[DELETE-/api/memories/some-id]" time="0.099" /><testcase classname="tests.test_memories" name="test_memories_endpoints_require_auth[POST-/api/memories/generate]" time="0.102" /><testcase classname="tests.test_memories" name="test_generate_empty_prompt_returns_400" time="0.114" /><testcase classname="tests.test_memories" name="test_generate_missing_photo_ids_returns_400" time="0.117" /><testcase classname="tests.test_memories" name="test_generate_with_no_matching_photos_returns_400" time="0.097" /><testcase classname="tests.test_memories" name="test_generate_memory_real_gemini_returns_image" time="0.788" /><testcase classname="tests.test_memories" name="test_list_memories_contains_generated" time="0.000"><skipped type="pytest.skip" message="Generation test did not run/succeed">/app/backend/tests/test_memories.py:123: Generation test did not run/succeed</skipped></testcase><testcase classname="tests.test_memories" name="test_get_memory_by_id" time="0.000"><skipped type="pytest.skip" message="Generation test did not run/succeed">/app/backend/tests/test_memories.py:133: Generation test did not run/succeed</skipped></testcase><testcase classname="tests.test_memories" name="test_get_memory_missing_returns_404" time="0.119" /><testcase classname="tests.test_memories" name="test_delete_memory_then_404" time="0.000"><skipped type="pytest.skip" message="Generation test did not run/succeed">/app/backend/tests/test_memories.py:147: Generation test did not run/succeed</skipped></testcase><testcase classname="tests.test_memories" name="test_delete_memory_missing_returns_404" time="0.205" /><testcase classname="tests.test_memories_generate_budget" name="test_empty_prompt_returns_400_json" time="0.332" /><testcase classname="tests.test_memories_generate_budget" name="test_missing_photo_ids_returns_400_json" time="0.111" /><testcase classname="tests.test_memories_generate_budget" name="test_invalid_photo_ids_returns_400_json" time="0.096" /><testcase classname="tests.test_memories_generate_budget" name="test_generate_budget_exhausted_returns_402_with_actionable_detail" time="0.267" /><testcase classname="tests.test_otp_auth" name="test_request_otp_invalid_email_returns_422" time="0.049" /><testcase classname="tests.test_otp_auth" name="test_request_otp_success_stores_hashed_code" time="0.280" /><testcase classname="tests.test_otp_auth" name="test_request_otp_cooldown_returns_429" time="0.266" /><testcase classname="tests.test_otp_auth" name="test_verify_otp_wrong_code_400_and_increments_attempts" time="0.260" /><testcase classname="tests.test_otp_auth" name="test_verify_otp_lockout_after_5_wrong_attempts_returns_429" time="0.501" /><testcase classname="tests.test_otp_auth" name="test_verify_otp_expired_returns_400" time="0.298" /><testcase classname="tests.test_otp_auth" name="test_verify_otp_without_request_returns_400" time="0.044" /><testcase classname="tests.test_otp_auth" name="test_end_to_end_login_returns_session_token_and_consumes_otp" time="0.903" /><testcase classname="tests.test_otp_auth" name="test_photos_crud_with_otp_session" time="1.012" /><testcase classname="tests.test_otp_auth" name="test_memories_list_and_generation_validation_with_otp_session" time="0.415" /><testcase classname="tests.test_photos" name="test_create_photo_requires_auth" time="0.384" /><testcase classname="tests.test_photos" name="test_create_photo_success_and_strips_data_uri" time="0.345" /><testcase classname="tests.test_photos" name="test_list_photos_requires_auth" time="0.102" /><testcase classname="tests.test_photos" name="test_list_photos_returns_created_photo" time="0.413" /><testcase classname="tests.test_photos" name="test_delete_photo_requires_auth" time="0.099" /><testcase classname="tests.test_photos" name="test_delete_photo_missing_returns_404" time="0.115" /><testcase classname="tests.test_photos" name="test_delete_photo_success_then_gone" time="0.563" /></testsuite></testsuites>